0 info it worked if it ends with ok
1 verbose cli [ 'C:\\Program Files\\nodejs\\node.exe',
1 verbose cli   'C:\\Program Files\\nodejs\\node_modules\\npm\\bin\\npm-cli.js',
1 verbose cli   'run',
1 verbose cli   'build' ]
2 info using npm@3.10.3
3 info using node@v6.3.1
4 verbose run-script [ 'prebuild', 'build', 'postbuild' ]
5 info lifecycle fees-common-store@1.0.0~prebuild: fees-common-store@1.0.0
6 silly lifecycle fees-common-store@1.0.0~prebuild: no script for prebuild, continuing
7 info lifecycle fees-common-store@1.0.0~build: fees-common-store@1.0.0
8 verbose lifecycle fees-common-store@1.0.0~build: unsafe-perm in lifecycle true
9 verbose lifecycle fees-common-store@1.0.0~build: PATH: C:\Program Files\nodejs\node_modules\npm\bin\node-gyp-bin;C:\Users\jrimar\Documents\Angular_2\Angular_2_Learning\Fees-Common-Store\node_modules\.bin;C:\Program Files\nodejs;C:\Users\jrimar\AppData\Local\GitHub\PortableGit_284a859b0e6deba86edc624fef1e4db2aa8241a9\cmd;C:\Users\jrimar\AppData\Local\GitHub\PortableGit_284a859b0e6deba86edc624fef1e4db2aa8241a9\usr\bin;C:\Users\jrimar\AppData\Local\GitHub\PortableGit_284a859b0e6deba86edc624fef1e4db2aa8241a9\usr\share\git-tfs;C:\Users\jrimar\AppData\Local\Apps\2.0\J4N77AT4.2CV\P54LXQTC.02T\gith..tion_317444273a93ac29_0003.0003_92b520eb113e6614;C:\Users\jrimar\AppData\Local\GitHub\lfs-amd64_1.3.1;C:\ProgramData\Oracle\Java\javapath;C:\Oracle\product\11.2.0\client_1\bin;C:\app\pkomatreddy\product\11.2.0\client_1;C:\Windows\system32;C:\Windows;C:\Windows\System32\Wbem;C:\Windows\System32\WindowsPowerShell\v1.0\;C:\Program Files (x86)\QuickTime\QTSystem\;C:\Program Files (x86)\Plantronics\PlantronicsURE\;C:\Program Files\nodejs\;C:\Program Files\apache-maven-3.3.9\bin;C:\Program Files\TortoiseSVN\bin;C:\Program Files (x86)\PuTTY\;C:\Users\jrimar\AppData\Roaming\npm;C:\Users\jrimar\AppData\Local\Programs\Git\cmd;C:\Windows\Microsoft.NET\Framework\v4.0.30319\
10 verbose lifecycle fees-common-store@1.0.0~build: CWD: C:\Users\jrimar\Documents\Angular_2\Angular_2_Learning\Fees-Common-Store
11 silly lifecycle fees-common-store@1.0.0~build: Args: [ '/d /s /c', 'rm -rf dist && tsc -p src' ]
12 silly lifecycle fees-common-store@1.0.0~build: Returned: code: 2  signal: null
13 info lifecycle fees-common-store@1.0.0~build: Failed to exec build script
14 verbose stack Error: fees-common-store@1.0.0 build: `rm -rf dist && tsc -p src`
14 verbose stack Exit status 2
14 verbose stack     at EventEmitter.<anonymous> (C:\Program Files\nodejs\node_modules\npm\lib\utils\lifecycle.js:242:16)
14 verbose stack     at emitTwo (events.js:106:13)
14 verbose stack     at EventEmitter.emit (events.js:191:7)
14 verbose stack     at ChildProcess.<anonymous> (C:\Program Files\nodejs\node_modules\npm\lib\utils\spawn.js:40:14)
14 verbose stack     at emitTwo (events.js:106:13)
14 verbose stack     at ChildProcess.emit (events.js:191:7)
14 verbose stack     at maybeClose (internal/child_process.js:852:16)
14 verbose stack     at Process.ChildProcess._handle.onexit (internal/child_process.js:215:5)
15 verbose pkgid fees-common-store@1.0.0
16 verbose cwd C:\Users\jrimar\Documents\Angular_2\Angular_2_Learning\Fees-Common-Store
17 error Windows_NT 6.1.7601
18 error argv "C:\\Program Files\\nodejs\\node.exe" "C:\\Program Files\\nodejs\\node_modules\\npm\\bin\\npm-cli.js" "run" "build"
19 error node v6.3.1
20 error npm  v3.10.3
21 error code ELIFECYCLE
22 error fees-common-store@1.0.0 build: `rm -rf dist && tsc -p src`
22 error Exit status 2
23 error Failed at the fees-common-store@1.0.0 build script 'rm -rf dist && tsc -p src'.
23 error Make sure you have the latest version of node.js and npm installed.
23 error If you do, this is most likely a problem with the fees-common-store package,
23 error not with npm itself.
23 error Tell the author that this fails on your system:
23 error     rm -rf dist && tsc -p src
23 error You can get information on how to open an issue for this project with:
23 error     npm bugs fees-common-store
23 error Or if that isn't available, you can get their info via:
23 error     npm owner ls fees-common-store
23 error There is likely additional logging output above.
24 verbose exit [ 1, true ]
